SF:lib\UI\pages\login.page.dart
DA:7,3
DA:8,3
DA:9,3
DA:12,2
DA:14,1
DA:15,1
DA:21,1
DA:23,1
DA:24,1
DA:25,1
DA:26,1
DA:27,1
DA:28,1
DA:29,2
DA:34,1
DA:35,1
DA:38,1
DA:39,1
DA:40,1
DA:41,1
DA:42,1
DA:44,1
DA:46,1
DA:47,1
DA:50,1
DA:51,1
DA:52,1
DA:55,1
DA:56,1
DA:63,1
DA:66,1
DA:67,1
DA:68,1
DA:73,1
DA:74,1
DA:81,1
DA:84,1
DA:85,1
DA:87,1
DA:90,1
DA:91,0
DA:92,0
DA:93,0
DA:98,1
DA:101,1
DA:102,1
DA:103,1
DA:104,1
DA:106,1
DA:108,2
DA:109,1
DA:110,1
DA:111,1
DA:112,3
DA:114,2
DA:118,1
DA:120,1
DA:121,2
DA:122,2
DA:125,2
DA:127,2
DA:132,2
LF:62
LH:59
end_of_record
SF:lib\UI\pages\first.page.dart
DA:8,1
DA:12,1
DA:14,1
DA:15,1
DA:16,1
DA:17,1
DA:18,1
DA:19,1
DA:20,2
DA:25,1
DA:26,1
DA:29,1
DA:30,1
DA:32,1
DA:33,1
DA:37,1
DA:38,1
DA:39,1
DA:40,1
DA:41,1
DA:43,1
DA:44,1
DA:45,1
DA:46,1
DA:53,1
LF:25
LH:25
end_of_record
SF:lib\UI\widgets\connected.drawer.widget.dart
DA:4,2
DA:6,0
DA:8,0
DA:9,0
DA:10,0
DA:11,0
DA:12,0
DA:13,0
DA:17,0
DA:18,0
DA:22,0
DA:29,0
DA:30,0
DA:31,0
DA:32,0
DA:33,0
DA:36,0
DA:37,0
DA:38,0
DA:39,0
DA:40,0
DA:41,0
LF:22
LH:1
end_of_record
SF:lib\UI\pages\home.page.dart
DA:6,0
DA:8,0
DA:10,0
DA:11,0
DA:12,0
DA:13,0
DA:14,0
DA:15,0
DA:16,0
DA:21,0
DA:22,0
DA:25,0
DA:26,0
DA:27,0
DA:28,0
DA:30,0
DA:31,0
DA:33,0
DA:37,0
DA:39,0
LF:20
LH:0
end_of_record
SF:lib\UI\widgets\mydrawer.widget.dart
DA:5,2
DA:7,0
DA:9,0
DA:10,0
DA:11,0
DA:12,0
DA:13,0
DA:14,0
DA:15,0
DA:19,0
DA:20,0
DA:24,0
DA:31,0
DA:32,0
DA:33,0
DA:34,0
DA:35,0
DA:36,0
DA:39,0
DA:40,0
DA:41,0
DA:42,0
DA:43,0
DA:44,0
LF:24
LH:1
end_of_record
